2025-10-12 13:37:04,065 - INFO - Starting FedOpt experiment for Smart Internship System
2025-10-12 13:37:04,067 - INFO - FedOpt Server initialized with adam optimizer
2025-10-12 13:37:04,067 - INFO - Found client directories: ['../../../data/processed\\university_client_and Sons', '../../../data/processed\\university_client_Group', '../../../data/processed\\university_client_Inc', '../../../data/processed\\university_client_LLC', '../../../data/processed\\university_client_Ltd', '../../../data/processed\\university_client_PLC']
2025-10-12 13:37:04,076 - INFO - Client and Sons: Loaded 947 samples
2025-10-12 13:37:04,079 - INFO - Client and Sons: Train samples: 757, Val samples: 190
2025-10-12 13:37:04,079 - INFO - Successfully loaded client: and Sons
2025-10-12 13:37:04,087 - INFO - Client Group: Loaded 879 samples
2025-10-12 13:37:04,090 - INFO - Client Group: Train samples: 703, Val samples: 176
2025-10-12 13:37:04,091 - INFO - Successfully loaded client: Group
2025-10-12 13:37:04,099 - INFO - Client Inc: Loaded 720 samples
2025-10-12 13:37:04,101 - INFO - Client Inc: Train samples: 576, Val samples: 144
2025-10-12 13:37:04,102 - INFO - Successfully loaded client: Inc
2025-10-12 13:37:04,109 - INFO - Client LLC: Loaded 800 samples
2025-10-12 13:37:04,112 - INFO - Client LLC: Train samples: 640, Val samples: 160
2025-10-12 13:37:04,113 - INFO - Successfully loaded client: LLC
2025-10-12 13:37:04,120 - INFO - Client Ltd: Loaded 817 samples
2025-10-12 13:37:04,124 - INFO - Client Ltd: Train samples: 653, Val samples: 164
2025-10-12 13:37:04,124 - INFO - Successfully loaded client: Ltd
2025-10-12 13:37:04,131 - INFO - Client PLC: Loaded 837 samples
2025-10-12 13:37:04,134 - INFO - Client PLC: Train samples: 669, Val samples: 168
2025-10-12 13:37:04,134 - INFO - Successfully loaded client: PLC
2025-10-12 13:37:04,134 - INFO - Initialized 6 clients
2025-10-12 13:37:04,134 - INFO - Starting communication round 1/10
2025-10-12 13:37:05,021 - INFO - Client and Sons: Train Loss: 0.1482, Val R²: -73.0270
2025-10-12 13:37:05,056 - INFO - Client Group: Train Loss: 0.1312, Val R²: -5.0907
2025-10-12 13:37:05,082 - INFO - Client Inc: Train Loss: 0.1326, Val R²: -6.2309
2025-10-12 13:37:05,106 - INFO - Client LLC: Train Loss: 0.1485, Val R²: -0.0887
2025-10-12 13:37:05,134 - INFO - Client Ltd: Train Loss: 0.1590, Val R²: -1.6000
2025-10-12 13:37:05,165 - INFO - Client PLC: Train Loss: 0.1429, Val R²: -42.2238
2025-10-12 13:37:05,169 - INFO - Round 1 Metrics - Avg Train Loss: 0.1437, Avg Val R²: -21.3769
2025-10-12 13:37:05,169 - INFO - Round 1: Aggregated updates from 6 clients
2025-10-12 13:37:05,169 - INFO - Starting communication round 2/10
2025-10-12 13:37:05,202 - INFO - Client and Sons: Train Loss: 3.5099, Val R²: -783.2361
2025-10-12 13:37:05,238 - INFO - Client Group: Train Loss: 3.4699, Val R²: -479.9608
2025-10-12 13:37:05,267 - INFO - Client Inc: Train Loss: 3.3351, Val R²: -3.3911
2025-10-12 13:37:05,296 - INFO - Client LLC: Train Loss: 3.3590, Val R²: -294.2076
2025-10-12 13:37:05,338 - INFO - Client Ltd: Train Loss: 3.3718, Val R²: -124.3562
2025-10-12 13:37:05,379 - INFO - Client PLC: Train Loss: 3.6357, Val R²: -224.5664
2025-10-12 13:37:05,383 - INFO - Round 2 Metrics - Avg Train Loss: 3.4469, Avg Val R²: -318.2864
2025-10-12 13:37:05,383 - INFO - Round 2: Aggregated updates from 6 clients
2025-10-12 13:37:05,383 - INFO - Starting communication round 3/10
2025-10-12 13:37:05,431 - INFO - Client and Sons: Train Loss: 27.5693, Val R²: -344.0753
2025-10-12 13:37:05,473 - INFO - Client Group: Train Loss: 27.3452, Val R²: -574.9821
2025-10-12 13:37:05,531 - INFO - Client Inc: Train Loss: 27.3703, Val R²: -4619.8364
2025-10-12 13:37:05,575 - INFO - Client LLC: Train Loss: 27.5020, Val R²: -217.8415
2025-10-12 13:37:05,609 - INFO - Client Ltd: Train Loss: 27.2780, Val R²: -914.6520
2025-10-12 13:37:05,649 - INFO - Client PLC: Train Loss: 27.0981, Val R²: -273.6890
2025-10-12 13:37:05,652 - INFO - Round 3 Metrics - Avg Train Loss: 27.3605, Avg Val R²: -1157.5127
2025-10-12 13:37:05,653 - INFO - Round 3: Aggregated updates from 6 clients
2025-10-12 13:37:05,653 - INFO - Starting communication round 4/10
2025-10-12 13:37:05,689 - INFO - Client and Sons: Train Loss: 73.4293, Val R²: -65447.9570
2025-10-12 13:37:05,722 - INFO - Client Group: Train Loss: 74.1401, Val R²: -19865.4004
2025-10-12 13:37:05,753 - INFO - Client Inc: Train Loss: 73.3317, Val R²: -12645.7871
2025-10-12 13:37:05,786 - INFO - Client LLC: Train Loss: 72.6866, Val R²: -47227.0039
2025-10-12 13:37:05,817 - INFO - Client Ltd: Train Loss: 73.0254, Val R²: -75148.2812
2025-10-12 13:37:05,852 - INFO - Client PLC: Train Loss: 72.9287, Val R²: -153161.8594
2025-10-12 13:37:05,856 - INFO - Round 4 Metrics - Avg Train Loss: 73.2570, Avg Val R²: -62249.3815
2025-10-12 13:37:05,856 - INFO - Round 4: Aggregated updates from 6 clients
2025-10-12 13:37:05,857 - INFO - Starting communication round 5/10
2025-10-12 13:37:05,891 - INFO - Client and Sons: Train Loss: 133.9269, Val R²: -131073.6094
2025-10-12 13:37:05,926 - INFO - Client Group: Train Loss: 136.1604, Val R²: -164761.2812
2025-10-12 13:37:05,957 - INFO - Client Inc: Train Loss: 137.5285, Val R²: -164337.6719
2025-10-12 13:37:05,992 - INFO - Client LLC: Train Loss: 134.4589, Val R²: -219267.1094
2025-10-12 13:37:06,034 - INFO - Client Ltd: Train Loss: 136.9170, Val R²: -135355.6562
2025-10-12 13:37:06,069 - INFO - Client PLC: Train Loss: 136.9821, Val R²: -156611.1250
2025-10-12 13:37:06,073 - INFO - Round 5 Metrics - Avg Train Loss: 135.9956, Avg Val R²: -161901.0755
2025-10-12 13:37:06,073 - INFO - Round 5: Aggregated updates from 6 clients
2025-10-12 13:37:06,073 - INFO - Round 5: Current average accuracy: -161901.0755
2025-10-12 13:37:06,073 - INFO - Starting communication round 6/10
2025-10-12 13:37:06,114 - INFO - Client and Sons: Train Loss: 276.5883, Val R²: -617527.0000
2025-10-12 13:37:06,149 - INFO - Client Group: Train Loss: 269.8398, Val R²: -1016282.3750
2025-10-12 13:37:06,180 - INFO - Client Inc: Train Loss: 271.0671, Val R²: -845982.0625
2025-10-12 13:37:06,217 - INFO - Client LLC: Train Loss: 278.2972, Val R²: -521214.6875
2025-10-12 13:37:06,251 - INFO - Client Ltd: Train Loss: 279.5673, Val R²: -605392.7500
2025-10-12 13:37:06,285 - INFO - Client PLC: Train Loss: 274.1986, Val R²: -371828.2500
2025-10-12 13:37:06,289 - INFO - Round 6 Metrics - Avg Train Loss: 274.9264, Avg Val R²: -663037.8542
2025-10-12 13:37:06,289 - INFO - Round 6: Aggregated updates from 6 clients
2025-10-12 13:37:06,290 - INFO - Starting communication round 7/10
2025-10-12 13:37:06,328 - INFO - Client and Sons: Train Loss: 480.6949, Val R²: -523766.0000
2025-10-12 13:37:06,368 - INFO - Client Group: Train Loss: 476.5136, Val R²: -2473338.2500
2025-10-12 13:37:06,398 - INFO - Client Inc: Train Loss: 475.7066, Val R²: -3028632.2500
2025-10-12 13:37:06,430 - INFO - Client LLC: Train Loss: 474.0606, Val R²: -2138063.7500
2025-10-12 13:37:06,463 - INFO - Client Ltd: Train Loss: 472.0905, Val R²: -1747984.5000
2025-10-12 13:37:06,495 - INFO - Client PLC: Train Loss: 474.2285, Val R²: -2196982.7500
2025-10-12 13:37:06,499 - INFO - Round 7 Metrics - Avg Train Loss: 475.5491, Avg Val R²: -2018127.9167
2025-10-12 13:37:06,499 - INFO - Round 7: Aggregated updates from 6 clients
2025-10-12 13:37:06,499 - INFO - Starting communication round 8/10
2025-10-12 13:37:06,531 - INFO - Client and Sons: Train Loss: 736.4300, Val R²: -3297730.2500
2025-10-12 13:37:06,565 - INFO - Client Group: Train Loss: 746.7580, Val R²: -4395412.0000
2025-10-12 13:37:06,594 - INFO - Client Inc: Train Loss: 756.0819, Val R²: -2598731.5000
2025-10-12 13:37:06,628 - INFO - Client LLC: Train Loss: 747.2775, Val R²: -6214058.0000
2025-10-12 13:37:06,659 - INFO - Client Ltd: Train Loss: 754.6678, Val R²: -4908281.0000
2025-10-12 13:37:06,693 - INFO - Client PLC: Train Loss: 736.3377, Val R²: -7331514.0000
2025-10-12 13:37:06,697 - INFO - Round 8 Metrics - Avg Train Loss: 746.2588, Avg Val R²: -4790954.4583
2025-10-12 13:37:06,697 - INFO - Round 8: Aggregated updates from 6 clients
2025-10-12 13:37:06,697 - INFO - Starting communication round 9/10
2025-10-12 13:37:06,732 - INFO - Client and Sons: Train Loss: 1151.0966, Val R²: -2500611.2500
2025-10-12 13:37:06,766 - INFO - Client Group: Train Loss: 1153.5176, Val R²: -9636090.0000
2025-10-12 13:37:06,793 - INFO - Client Inc: Train Loss: 1142.5761, Val R²: -3211030.7500
2025-10-12 13:37:06,829 - INFO - Client LLC: Train Loss: 1145.2156, Val R²: -6129444.0000
2025-10-12 13:37:06,861 - INFO - Client Ltd: Train Loss: 1158.2932, Val R²: -6195734.0000
2025-10-12 13:37:06,893 - INFO - Client PLC: Train Loss: 1128.7197, Val R²: -4531351.0000
2025-10-12 13:37:06,897 - INFO - Round 9 Metrics - Avg Train Loss: 1146.5698, Avg Val R²: -5367376.8333
2025-10-12 13:37:06,897 - INFO - Round 9: Aggregated updates from 6 clients
2025-10-12 13:37:06,897 - INFO - Starting communication round 10/10
2025-10-12 13:37:06,933 - INFO - Client and Sons: Train Loss: 1635.8803, Val R²: -2996136.5000
2025-10-12 13:37:06,967 - INFO - Client Group: Train Loss: 1646.5756, Val R²: -7069370.0000
2025-10-12 13:37:06,996 - INFO - Client Inc: Train Loss: 1661.5339, Val R²: -5050907.5000
2025-10-12 13:37:07,026 - INFO - Client LLC: Train Loss: 1638.3151, Val R²: -10046006.0000
2025-10-12 13:37:07,059 - INFO - Client Ltd: Train Loss: 1687.1977, Val R²: -4203241.5000
2025-10-12 13:37:07,094 - INFO - Client PLC: Train Loss: 1637.4903, Val R²: -4192462.2500
2025-10-12 13:37:07,097 - INFO - Round 10 Metrics - Avg Train Loss: 1651.1655, Avg Val R²: -5593020.6250
2025-10-12 13:37:07,098 - INFO - Round 10: Aggregated updates from 6 clients
2025-10-12 13:37:07,098 - INFO - Round 10: Current average accuracy: -5593020.6250
2025-10-12 13:37:07,098 - INFO - FedOpt training completed in 2.96 seconds
2025-10-12 13:37:07,099 - INFO - Results saved to ./
2025-10-12 13:37:07,099 - INFO - Final Results - Average Accuracy: -5593020.6250, Average Loss: 1651.1655
2025-10-12 13:37:07,100 - INFO - Data Heterogeneity Analysis:
2025-10-12 13:37:07,100 - INFO -   - GPA variance across clients: 0.0019
2025-10-12 13:37:07,100 - INFO -   - Performance variance: 5489904967344.9111
2025-10-12 13:37:07,100 - INFO -   - Major diversity range: [8, 8]
2025-10-12 13:37:07,100 - INFO -   - Industry diversity range: [89, 90]
