2025-10-12 13:26:17,139 - INFO - Starting FedOpt experiment for Smart Internship System
2025-10-12 13:26:17,141 - INFO - FedOpt Server initialized with adam optimizer
2025-10-12 13:26:17,142 - INFO - Found client directories: ['../../../data/processed\\university_client_and Sons', '../../../data/processed\\university_client_Group', '../../../data/processed\\university_client_Inc', '../../../data/processed\\university_client_LLC', '../../../data/processed\\university_client_Ltd', '../../../data/processed\\university_client_PLC']
2025-10-12 13:26:17,151 - INFO - Client and Sons: Loaded 947 samples
2025-10-12 13:26:17,155 - INFO - Client and Sons: Train samples: 757, Val samples: 190
2025-10-12 13:26:17,156 - INFO - Successfully loaded client: and Sons
2025-10-12 13:26:17,164 - INFO - Client Group: Loaded 879 samples
2025-10-12 13:26:17,167 - INFO - Client Group: Train samples: 703, Val samples: 176
2025-10-12 13:26:17,167 - INFO - Successfully loaded client: Group
2025-10-12 13:26:17,175 - INFO - Client Inc: Loaded 720 samples
2025-10-12 13:26:17,179 - INFO - Client Inc: Train samples: 576, Val samples: 144
2025-10-12 13:26:17,179 - INFO - Successfully loaded client: Inc
2025-10-12 13:26:17,187 - INFO - Client LLC: Loaded 800 samples
2025-10-12 13:26:17,190 - INFO - Client LLC: Train samples: 640, Val samples: 160
2025-10-12 13:26:17,191 - INFO - Successfully loaded client: LLC
2025-10-12 13:26:17,200 - INFO - Client Ltd: Loaded 817 samples
2025-10-12 13:26:17,203 - INFO - Client Ltd: Train samples: 653, Val samples: 164
2025-10-12 13:26:17,203 - INFO - Successfully loaded client: Ltd
2025-10-12 13:26:17,211 - INFO - Client PLC: Loaded 837 samples
2025-10-12 13:26:17,215 - INFO - Client PLC: Train samples: 669, Val samples: 168
2025-10-12 13:26:17,215 - INFO - Successfully loaded client: PLC
2025-10-12 13:26:17,215 - INFO - Initialized 6 clients
2025-10-12 13:26:17,215 - INFO - Starting communication round 1/30
2025-10-12 13:26:18,125 - INFO - Client and Sons: Train Loss: 0.7152, Val Accuracy: 0.9789
2025-10-12 13:26:18,155 - INFO - Client Group: Train Loss: 0.7196, Val Accuracy: 0.9773
2025-10-12 13:26:18,181 - INFO - Client Inc: Train Loss: 0.7163, Val Accuracy: 0.9792
2025-10-12 13:26:18,208 - INFO - Client LLC: Train Loss: 0.7147, Val Accuracy: 0.9750
2025-10-12 13:26:18,239 - INFO - Client Ltd: Train Loss: 0.7157, Val Accuracy: 0.9817
2025-10-12 13:26:18,270 - INFO - Client PLC: Train Loss: 0.7202, Val Accuracy: 0.9762
2025-10-12 13:26:18,275 - INFO - Round 1 Metrics - Avg Train Loss: 0.7169, Avg Val Accuracy: 0.9780
2025-10-12 13:26:18,276 - INFO - Round 1: Aggregated updates from 6 clients
2025-10-12 13:26:18,276 - INFO - Starting communication round 2/30
2025-10-12 13:26:18,311 - INFO - Client and Sons: Train Loss: 39.5396, Val Accuracy: 0.0211
2025-10-12 13:26:18,337 - INFO - Client Group: Train Loss: 41.3812, Val Accuracy: 0.0227
2025-10-12 13:26:18,363 - INFO - Client Inc: Train Loss: 40.3884, Val Accuracy: 0.0208
2025-10-12 13:26:18,398 - INFO - Client LLC: Train Loss: 41.5729, Val Accuracy: 0.0250
2025-10-12 13:26:18,440 - INFO - Client Ltd: Train Loss: 41.9611, Val Accuracy: 0.0183
2025-10-12 13:26:18,569 - INFO - Client PLC: Train Loss: 41.2183, Val Accuracy: 0.0238
2025-10-12 13:26:18,573 - INFO - Round 2 Metrics - Avg Train Loss: 41.0103, Avg Val Accuracy: 0.0220
2025-10-12 13:26:18,573 - INFO - Round 2: Aggregated updates from 6 clients
2025-10-12 13:26:18,574 - INFO - Starting communication round 3/30
2025-10-12 13:26:18,626 - INFO - Client and Sons: Train Loss: 96.6365, Val Accuracy: 0.0211
2025-10-12 13:26:18,672 - INFO - Client Group: Train Loss: 96.8460, Val Accuracy: 0.0227
2025-10-12 13:26:18,706 - INFO - Client Inc: Train Loss: 96.9624, Val Accuracy: 0.0208
2025-10-12 13:26:18,737 - INFO - Client LLC: Train Loss: 96.7913, Val Accuracy: 0.0250
2025-10-12 13:26:18,767 - INFO - Client Ltd: Train Loss: 97.3995, Val Accuracy: 0.0183
2025-10-12 13:26:18,794 - INFO - Client PLC: Train Loss: 96.9637, Val Accuracy: 0.0238
2025-10-12 13:26:18,798 - INFO - Round 3 Metrics - Avg Train Loss: 96.9332, Avg Val Accuracy: 0.0220
2025-10-12 13:26:18,798 - INFO - Round 3: Aggregated updates from 6 clients
2025-10-12 13:26:18,799 - INFO - Starting communication round 4/30
2025-10-12 13:26:18,829 - INFO - Client and Sons: Train Loss: 97.6222, Val Accuracy: 0.0211
2025-10-12 13:26:18,853 - INFO - Client Group: Train Loss: 97.5818, Val Accuracy: 0.0227
2025-10-12 13:26:18,881 - INFO - Client Inc: Train Loss: 97.5694, Val Accuracy: 0.0208
2025-10-12 13:26:18,910 - INFO - Client LLC: Train Loss: 97.5000, Val Accuracy: 0.0250
2025-10-12 13:26:18,939 - INFO - Client Ltd: Train Loss: 98.0092, Val Accuracy: 0.0183
2025-10-12 13:26:18,967 - INFO - Client PLC: Train Loss: 97.4589, Val Accuracy: 0.0238
2025-10-12 13:26:18,971 - INFO - Round 4 Metrics - Avg Train Loss: 97.6236, Avg Val Accuracy: 0.0220
2025-10-12 13:26:18,971 - INFO - Round 4: Aggregated updates from 6 clients
2025-10-12 13:26:18,972 - INFO - Starting communication round 5/30
2025-10-12 13:26:19,005 - INFO - Client and Sons: Train Loss: 97.6222, Val Accuracy: 0.0211
2025-10-12 13:26:19,037 - INFO - Client Group: Train Loss: 97.5818, Val Accuracy: 0.0227
2025-10-12 13:26:19,062 - INFO - Client Inc: Train Loss: 97.5694, Val Accuracy: 0.0208
2025-10-12 13:26:19,085 - INFO - Client LLC: Train Loss: 97.5000, Val Accuracy: 0.0250
2025-10-12 13:26:19,115 - INFO - Client Ltd: Train Loss: 98.0092, Val Accuracy: 0.0183
2025-10-12 13:26:19,146 - INFO - Client PLC: Train Loss: 97.4589, Val Accuracy: 0.0238
2025-10-12 13:26:19,150 - INFO - Round 5 Metrics - Avg Train Loss: 97.6236, Avg Val Accuracy: 0.0220
2025-10-12 13:26:19,150 - INFO - Round 5: Aggregated updates from 6 clients
2025-10-12 13:26:19,150 - INFO - Round 5: Current average accuracy: 0.0220
2025-10-12 13:26:19,150 - INFO - Starting communication round 6/30
2025-10-12 13:26:19,186 - INFO - Client and Sons: Train Loss: 97.6222, Val Accuracy: 0.0211
2025-10-12 13:26:19,214 - INFO - Client Group: Train Loss: 97.5818, Val Accuracy: 0.0227
2025-10-12 13:26:19,242 - INFO - Client Inc: Train Loss: 97.5694, Val Accuracy: 0.0208
2025-10-12 13:26:19,263 - INFO - Client LLC: Train Loss: 97.5000, Val Accuracy: 0.0250
2025-10-12 13:26:19,289 - INFO - Client Ltd: Train Loss: 98.0092, Val Accuracy: 0.0183
2025-10-12 13:26:19,321 - INFO - Client PLC: Train Loss: 97.4589, Val Accuracy: 0.0238
2025-10-12 13:26:19,324 - INFO - Round 6 Metrics - Avg Train Loss: 97.6236, Avg Val Accuracy: 0.0220
2025-10-12 13:26:19,324 - INFO - Round 6: Aggregated updates from 6 clients
2025-10-12 13:26:19,324 - INFO - Starting communication round 7/30
2025-10-12 13:26:19,349 - INFO - Client and Sons: Train Loss: 97.6222, Val Accuracy: 0.0211
2025-10-12 13:26:19,378 - INFO - Client Group: Train Loss: 97.5818, Val Accuracy: 0.0227
2025-10-12 13:26:19,405 - INFO - Client Inc: Train Loss: 97.5694, Val Accuracy: 0.0208
2025-10-12 13:26:19,435 - INFO - Client LLC: Train Loss: 97.5000, Val Accuracy: 0.0250
2025-10-12 13:26:19,461 - INFO - Client Ltd: Train Loss: 98.0092, Val Accuracy: 0.0183
2025-10-12 13:26:19,484 - INFO - Client PLC: Train Loss: 97.4589, Val Accuracy: 0.0238
2025-10-12 13:26:19,488 - INFO - Round 7 Metrics - Avg Train Loss: 97.6236, Avg Val Accuracy: 0.0220
2025-10-12 13:26:19,488 - INFO - Round 7: Aggregated updates from 6 clients
2025-10-12 13:26:19,488 - INFO - Starting communication round 8/30
2025-10-12 13:26:19,520 - INFO - Client and Sons: Train Loss: 97.6222, Val Accuracy: 0.0211
2025-10-12 13:26:19,547 - INFO - Client Group: Train Loss: 97.5818, Val Accuracy: 0.0227
2025-10-12 13:26:19,573 - INFO - Client Inc: Train Loss: 97.5694, Val Accuracy: 0.0208
2025-10-12 13:26:19,603 - INFO - Client LLC: Train Loss: 97.5000, Val Accuracy: 0.0250
2025-10-12 13:26:19,634 - INFO - Client Ltd: Train Loss: 98.0092, Val Accuracy: 0.0183
2025-10-12 13:26:19,665 - INFO - Client PLC: Train Loss: 97.4589, Val Accuracy: 0.0238
2025-10-12 13:26:19,669 - INFO - Round 8 Metrics - Avg Train Loss: 97.6236, Avg Val Accuracy: 0.0220
2025-10-12 13:26:19,669 - INFO - Round 8: Aggregated updates from 6 clients
2025-10-12 13:26:19,669 - INFO - Starting communication round 9/30
2025-10-12 13:26:19,701 - INFO - Client and Sons: Train Loss: 97.6222, Val Accuracy: 0.0211
2025-10-12 13:26:19,733 - INFO - Client Group: Train Loss: 97.5818, Val Accuracy: 0.0227
2025-10-12 13:26:19,755 - INFO - Client Inc: Train Loss: 97.5694, Val Accuracy: 0.0208
2025-10-12 13:26:19,784 - INFO - Client LLC: Train Loss: 97.5000, Val Accuracy: 0.0250
2025-10-12 13:26:19,808 - INFO - Client Ltd: Train Loss: 98.0092, Val Accuracy: 0.0183
2025-10-12 13:26:19,835 - INFO - Client PLC: Train Loss: 97.4589, Val Accuracy: 0.0238
2025-10-12 13:26:19,838 - INFO - Round 9 Metrics - Avg Train Loss: 97.6236, Avg Val Accuracy: 0.0220
2025-10-12 13:26:19,839 - INFO - Round 9: Aggregated updates from 6 clients
2025-10-12 13:26:19,839 - INFO - Starting communication round 10/30
2025-10-12 13:26:19,866 - INFO - Client and Sons: Train Loss: 97.6222, Val Accuracy: 0.0211
2025-10-12 13:26:19,889 - INFO - Client Group: Train Loss: 97.5818, Val Accuracy: 0.0227
2025-10-12 13:26:19,911 - INFO - Client Inc: Train Loss: 97.5694, Val Accuracy: 0.0208
2025-10-12 13:26:19,933 - INFO - Client LLC: Train Loss: 97.5000, Val Accuracy: 0.0250
2025-10-12 13:26:19,957 - INFO - Client Ltd: Train Loss: 98.0092, Val Accuracy: 0.0183
2025-10-12 13:26:19,987 - INFO - Client PLC: Train Loss: 97.4589, Val Accuracy: 0.0238
2025-10-12 13:26:19,990 - INFO - Round 10 Metrics - Avg Train Loss: 97.6236, Avg Val Accuracy: 0.0220
2025-10-12 13:26:19,990 - INFO - Round 10: Aggregated updates from 6 clients
2025-10-12 13:26:19,990 - INFO - Round 10: Current average accuracy: 0.0220
2025-10-12 13:26:19,991 - INFO - Starting communication round 11/30
2025-10-12 13:26:20,020 - INFO - Client and Sons: Train Loss: 97.6222, Val Accuracy: 0.0211
2025-10-12 13:26:20,050 - INFO - Client Group: Train Loss: 97.5818, Val Accuracy: 0.0227
2025-10-12 13:26:20,075 - INFO - Client Inc: Train Loss: 97.5694, Val Accuracy: 0.0208
2025-10-12 13:26:20,096 - INFO - Client LLC: Train Loss: 97.5000, Val Accuracy: 0.0250
2025-10-12 13:26:20,119 - INFO - Client Ltd: Train Loss: 98.0092, Val Accuracy: 0.0183
2025-10-12 13:26:20,148 - INFO - Client PLC: Train Loss: 97.4589, Val Accuracy: 0.0238
2025-10-12 13:26:20,153 - INFO - Round 11 Metrics - Avg Train Loss: 97.6236, Avg Val Accuracy: 0.0220
2025-10-12 13:26:20,153 - INFO - Round 11: Aggregated updates from 6 clients
2025-10-12 13:26:20,153 - INFO - Starting communication round 12/30
2025-10-12 13:26:20,181 - INFO - Client and Sons: Train Loss: 97.6222, Val Accuracy: 0.0211
2025-10-12 13:26:20,211 - INFO - Client Group: Train Loss: 97.5818, Val Accuracy: 0.0227
2025-10-12 13:26:20,234 - INFO - Client Inc: Train Loss: 97.5694, Val Accuracy: 0.0208
2025-10-12 13:26:20,257 - INFO - Client LLC: Train Loss: 97.5000, Val Accuracy: 0.0250
2025-10-12 13:26:20,288 - INFO - Client Ltd: Train Loss: 98.0092, Val Accuracy: 0.0183
2025-10-12 13:26:20,314 - INFO - Client PLC: Train Loss: 97.4589, Val Accuracy: 0.0238
2025-10-12 13:26:20,318 - INFO - Round 12 Metrics - Avg Train Loss: 97.6236, Avg Val Accuracy: 0.0220
2025-10-12 13:26:20,319 - INFO - Round 12: Aggregated updates from 6 clients
2025-10-12 13:26:20,319 - INFO - Starting communication round 13/30
2025-10-12 13:26:20,346 - INFO - Client and Sons: Train Loss: 97.6222, Val Accuracy: 0.0211
2025-10-12 13:26:20,377 - INFO - Client Group: Train Loss: 97.5818, Val Accuracy: 0.0227
2025-10-12 13:26:20,403 - INFO - Client Inc: Train Loss: 97.5694, Val Accuracy: 0.0208
2025-10-12 13:26:20,428 - INFO - Client LLC: Train Loss: 97.5000, Val Accuracy: 0.0250
2025-10-12 13:26:20,456 - INFO - Client Ltd: Train Loss: 98.0092, Val Accuracy: 0.0183
2025-10-12 13:26:20,480 - INFO - Client PLC: Train Loss: 97.4589, Val Accuracy: 0.0238
2025-10-12 13:26:20,483 - INFO - Round 13 Metrics - Avg Train Loss: 97.6236, Avg Val Accuracy: 0.0220
2025-10-12 13:26:20,483 - INFO - Round 13: Aggregated updates from 6 clients
2025-10-12 13:26:20,483 - INFO - Starting communication round 14/30
2025-10-12 13:26:20,509 - INFO - Client and Sons: Train Loss: 97.6222, Val Accuracy: 0.0211
2025-10-12 13:26:20,536 - INFO - Client Group: Train Loss: 97.5818, Val Accuracy: 0.0227
2025-10-12 13:26:20,557 - INFO - Client Inc: Train Loss: 97.5694, Val Accuracy: 0.0208
2025-10-12 13:26:20,590 - INFO - Client LLC: Train Loss: 97.5000, Val Accuracy: 0.0250
2025-10-12 13:26:20,620 - INFO - Client Ltd: Train Loss: 98.0092, Val Accuracy: 0.0183
2025-10-12 13:26:20,651 - INFO - Client PLC: Train Loss: 97.4589, Val Accuracy: 0.0238
2025-10-12 13:26:20,654 - INFO - Round 14 Metrics - Avg Train Loss: 97.6236, Avg Val Accuracy: 0.0220
2025-10-12 13:26:20,654 - INFO - Round 14: Aggregated updates from 6 clients
2025-10-12 13:26:20,655 - INFO - Starting communication round 15/30
2025-10-12 13:26:20,685 - INFO - Client and Sons: Train Loss: 97.6222, Val Accuracy: 0.0211
2025-10-12 13:26:20,715 - INFO - Client Group: Train Loss: 97.5818, Val Accuracy: 0.0227
2025-10-12 13:26:20,739 - INFO - Client Inc: Train Loss: 97.5694, Val Accuracy: 0.0208
2025-10-12 13:26:20,763 - INFO - Client LLC: Train Loss: 97.5000, Val Accuracy: 0.0250
2025-10-12 13:26:20,790 - INFO - Client Ltd: Train Loss: 98.0092, Val Accuracy: 0.0183
2025-10-12 13:26:20,812 - INFO - Client PLC: Train Loss: 97.4589, Val Accuracy: 0.0238
2025-10-12 13:26:20,815 - INFO - Round 15 Metrics - Avg Train Loss: 97.6236, Avg Val Accuracy: 0.0220
2025-10-12 13:26:20,815 - INFO - Round 15: Aggregated updates from 6 clients
2025-10-12 13:26:20,816 - INFO - Round 15: Current average accuracy: 0.0220
2025-10-12 13:26:20,816 - INFO - Starting communication round 16/30
2025-10-12 13:26:20,843 - INFO - Client and Sons: Train Loss: 97.6222, Val Accuracy: 0.0211
2025-10-12 13:26:20,866 - INFO - Client Group: Train Loss: 97.5818, Val Accuracy: 0.0227
2025-10-12 13:26:20,887 - INFO - Client Inc: Train Loss: 97.5694, Val Accuracy: 0.0208
2025-10-12 13:26:20,921 - INFO - Client LLC: Train Loss: 97.5000, Val Accuracy: 0.0250
2025-10-12 13:26:20,946 - INFO - Client Ltd: Train Loss: 98.0092, Val Accuracy: 0.0183
2025-10-12 13:26:20,968 - INFO - Client PLC: Train Loss: 97.4589, Val Accuracy: 0.0238
2025-10-12 13:26:20,972 - INFO - Round 16 Metrics - Avg Train Loss: 97.6236, Avg Val Accuracy: 0.0220
2025-10-12 13:26:20,972 - INFO - Round 16: Aggregated updates from 6 clients
2025-10-12 13:26:20,972 - INFO - Starting communication round 17/30
2025-10-12 13:26:20,998 - INFO - Client and Sons: Train Loss: 97.6222, Val Accuracy: 0.0211
2025-10-12 13:26:21,030 - INFO - Client Group: Train Loss: 97.5818, Val Accuracy: 0.0227
2025-10-12 13:26:21,057 - INFO - Client Inc: Train Loss: 97.5694, Val Accuracy: 0.0208
2025-10-12 13:26:21,080 - INFO - Client LLC: Train Loss: 97.5000, Val Accuracy: 0.0250
2025-10-12 13:26:21,105 - INFO - Client Ltd: Train Loss: 98.0092, Val Accuracy: 0.0183
2025-10-12 13:26:21,139 - INFO - Client PLC: Train Loss: 97.4589, Val Accuracy: 0.0238
2025-10-12 13:26:21,143 - INFO - Round 17 Metrics - Avg Train Loss: 97.6236, Avg Val Accuracy: 0.0220
2025-10-12 13:26:21,143 - INFO - Round 17: Aggregated updates from 6 clients
2025-10-12 13:26:21,143 - INFO - Starting communication round 18/30
2025-10-12 13:26:21,169 - INFO - Client and Sons: Train Loss: 97.6222, Val Accuracy: 0.0211
2025-10-12 13:26:21,193 - INFO - Client Group: Train Loss: 97.5818, Val Accuracy: 0.0227
2025-10-12 13:26:21,215 - INFO - Client Inc: Train Loss: 97.5694, Val Accuracy: 0.0208
2025-10-12 13:26:21,236 - INFO - Client LLC: Train Loss: 97.5000, Val Accuracy: 0.0250
2025-10-12 13:26:21,265 - INFO - Client Ltd: Train Loss: 98.0092, Val Accuracy: 0.0183
2025-10-12 13:26:21,290 - INFO - Client PLC: Train Loss: 97.4589, Val Accuracy: 0.0238
2025-10-12 13:26:21,294 - INFO - Round 18 Metrics - Avg Train Loss: 97.6236, Avg Val Accuracy: 0.0220
2025-10-12 13:26:21,294 - INFO - Round 18: Aggregated updates from 6 clients
2025-10-12 13:26:21,295 - INFO - Starting communication round 19/30
2025-10-12 13:26:21,320 - INFO - Client and Sons: Train Loss: 97.6222, Val Accuracy: 0.0211
2025-10-12 13:26:21,349 - INFO - Client Group: Train Loss: 97.5818, Val Accuracy: 0.0227
2025-10-12 13:26:21,372 - INFO - Client Inc: Train Loss: 97.5694, Val Accuracy: 0.0208
2025-10-12 13:26:21,394 - INFO - Client LLC: Train Loss: 97.5000, Val Accuracy: 0.0250
2025-10-12 13:26:21,417 - INFO - Client Ltd: Train Loss: 98.0092, Val Accuracy: 0.0183
2025-10-12 13:26:21,441 - INFO - Client PLC: Train Loss: 97.4589, Val Accuracy: 0.0238
2025-10-12 13:26:21,445 - INFO - Round 19 Metrics - Avg Train Loss: 97.6236, Avg Val Accuracy: 0.0220
2025-10-12 13:26:21,446 - INFO - Round 19: Aggregated updates from 6 clients
2025-10-12 13:26:21,446 - INFO - Starting communication round 20/30
2025-10-12 13:26:21,469 - INFO - Client and Sons: Train Loss: 97.6222, Val Accuracy: 0.0211
2025-10-12 13:26:21,500 - INFO - Client Group: Train Loss: 97.5818, Val Accuracy: 0.0227
2025-10-12 13:26:21,525 - INFO - Client Inc: Train Loss: 97.5694, Val Accuracy: 0.0208
2025-10-12 13:26:21,548 - INFO - Client LLC: Train Loss: 97.5000, Val Accuracy: 0.0250
2025-10-12 13:26:21,575 - INFO - Client Ltd: Train Loss: 98.0092, Val Accuracy: 0.0183
2025-10-12 13:26:21,597 - INFO - Client PLC: Train Loss: 97.4589, Val Accuracy: 0.0238
2025-10-12 13:26:21,599 - INFO - Round 20 Metrics - Avg Train Loss: 97.6236, Avg Val Accuracy: 0.0220
2025-10-12 13:26:21,600 - INFO - Round 20: Aggregated updates from 6 clients
2025-10-12 13:26:21,600 - INFO - Round 20: Current average accuracy: 0.0220
2025-10-12 13:26:21,600 - INFO - Starting communication round 21/30
2025-10-12 13:26:21,625 - INFO - Client and Sons: Train Loss: 97.6222, Val Accuracy: 0.0211
2025-10-12 13:26:21,657 - INFO - Client Group: Train Loss: 97.5818, Val Accuracy: 0.0227
2025-10-12 13:26:21,681 - INFO - Client Inc: Train Loss: 97.5694, Val Accuracy: 0.0208
2025-10-12 13:26:21,709 - INFO - Client LLC: Train Loss: 97.5000, Val Accuracy: 0.0250
2025-10-12 13:26:21,733 - INFO - Client Ltd: Train Loss: 98.0092, Val Accuracy: 0.0183
2025-10-12 13:26:21,762 - INFO - Client PLC: Train Loss: 97.4589, Val Accuracy: 0.0238
2025-10-12 13:26:21,766 - INFO - Round 21 Metrics - Avg Train Loss: 97.6236, Avg Val Accuracy: 0.0220
2025-10-12 13:26:21,766 - INFO - Round 21: Aggregated updates from 6 clients
2025-10-12 13:26:21,766 - INFO - Starting communication round 22/30
2025-10-12 13:26:21,790 - INFO - Client and Sons: Train Loss: 97.6222, Val Accuracy: 0.0211
2025-10-12 13:26:21,819 - INFO - Client Group: Train Loss: 97.5818, Val Accuracy: 0.0227
2025-10-12 13:26:21,846 - INFO - Client Inc: Train Loss: 97.5694, Val Accuracy: 0.0208
2025-10-12 13:26:21,867 - INFO - Client LLC: Train Loss: 97.5000, Val Accuracy: 0.0250
2025-10-12 13:26:21,893 - INFO - Client Ltd: Train Loss: 98.0092, Val Accuracy: 0.0183
2025-10-12 13:26:21,914 - INFO - Client PLC: Train Loss: 97.4589, Val Accuracy: 0.0238
2025-10-12 13:26:21,918 - INFO - Round 22 Metrics - Avg Train Loss: 97.6236, Avg Val Accuracy: 0.0220
2025-10-12 13:26:21,918 - INFO - Round 22: Aggregated updates from 6 clients
2025-10-12 13:26:21,918 - INFO - Starting communication round 23/30
2025-10-12 13:26:21,952 - INFO - Client and Sons: Train Loss: 97.6222, Val Accuracy: 0.0211
2025-10-12 13:26:21,978 - INFO - Client Group: Train Loss: 97.5818, Val Accuracy: 0.0227
2025-10-12 13:26:22,004 - INFO - Client Inc: Train Loss: 97.5694, Val Accuracy: 0.0208
2025-10-12 13:26:22,031 - INFO - Client LLC: Train Loss: 97.5000, Val Accuracy: 0.0250
2025-10-12 13:26:22,058 - INFO - Client Ltd: Train Loss: 98.0092, Val Accuracy: 0.0183
2025-10-12 13:26:22,088 - INFO - Client PLC: Train Loss: 97.4589, Val Accuracy: 0.0238
2025-10-12 13:26:22,092 - INFO - Round 23 Metrics - Avg Train Loss: 97.6236, Avg Val Accuracy: 0.0220
2025-10-12 13:26:22,092 - INFO - Round 23: Aggregated updates from 6 clients
2025-10-12 13:26:22,092 - INFO - Starting communication round 24/30
2025-10-12 13:26:22,117 - INFO - Client and Sons: Train Loss: 97.6222, Val Accuracy: 0.0211
2025-10-12 13:26:22,145 - INFO - Client Group: Train Loss: 97.5818, Val Accuracy: 0.0227
2025-10-12 13:26:22,171 - INFO - Client Inc: Train Loss: 97.5694, Val Accuracy: 0.0208
2025-10-12 13:26:22,196 - INFO - Client LLC: Train Loss: 97.5000, Val Accuracy: 0.0250
2025-10-12 13:26:22,221 - INFO - Client Ltd: Train Loss: 98.0092, Val Accuracy: 0.0183
2025-10-12 13:26:22,249 - INFO - Client PLC: Train Loss: 97.4589, Val Accuracy: 0.0238
2025-10-12 13:26:22,253 - INFO - Round 24 Metrics - Avg Train Loss: 97.6236, Avg Val Accuracy: 0.0220
2025-10-12 13:26:22,253 - INFO - Round 24: Aggregated updates from 6 clients
2025-10-12 13:26:22,253 - INFO - Starting communication round 25/30
2025-10-12 13:26:22,276 - INFO - Client and Sons: Train Loss: 97.6222, Val Accuracy: 0.0211
2025-10-12 13:26:22,301 - INFO - Client Group: Train Loss: 97.5818, Val Accuracy: 0.0227
2025-10-12 13:26:22,326 - INFO - Client Inc: Train Loss: 97.5694, Val Accuracy: 0.0208
2025-10-12 13:26:22,356 - INFO - Client LLC: Train Loss: 97.5000, Val Accuracy: 0.0250
2025-10-12 13:26:22,384 - INFO - Client Ltd: Train Loss: 98.0092, Val Accuracy: 0.0183
2025-10-12 13:26:22,413 - INFO - Client PLC: Train Loss: 97.4589, Val Accuracy: 0.0238
2025-10-12 13:26:22,416 - INFO - Round 25 Metrics - Avg Train Loss: 97.6236, Avg Val Accuracy: 0.0220
2025-10-12 13:26:22,417 - INFO - Round 25: Aggregated updates from 6 clients
2025-10-12 13:26:22,417 - INFO - Round 25: Current average accuracy: 0.0220
2025-10-12 13:26:22,417 - INFO - Starting communication round 26/30
2025-10-12 13:26:22,441 - INFO - Client and Sons: Train Loss: 97.6222, Val Accuracy: 0.0211
2025-10-12 13:26:22,466 - INFO - Client Group: Train Loss: 97.5818, Val Accuracy: 0.0227
2025-10-12 13:26:22,489 - INFO - Client Inc: Train Loss: 97.5694, Val Accuracy: 0.0208
2025-10-12 13:26:22,518 - INFO - Client LLC: Train Loss: 97.5000, Val Accuracy: 0.0250
2025-10-12 13:26:22,540 - INFO - Client Ltd: Train Loss: 98.0092, Val Accuracy: 0.0183
2025-10-12 13:26:22,570 - INFO - Client PLC: Train Loss: 97.4589, Val Accuracy: 0.0238
2025-10-12 13:26:22,573 - INFO - Round 26 Metrics - Avg Train Loss: 97.6236, Avg Val Accuracy: 0.0220
2025-10-12 13:26:22,573 - INFO - Round 26: Aggregated updates from 6 clients
2025-10-12 13:26:22,574 - INFO - Starting communication round 27/30
2025-10-12 13:26:22,596 - INFO - Client and Sons: Train Loss: 97.6222, Val Accuracy: 0.0211
2025-10-12 13:26:22,622 - INFO - Client Group: Train Loss: 97.5818, Val Accuracy: 0.0227
2025-10-12 13:26:22,646 - INFO - Client Inc: Train Loss: 97.5694, Val Accuracy: 0.0208
2025-10-12 13:26:22,674 - INFO - Client LLC: Train Loss: 97.5000, Val Accuracy: 0.0250
2025-10-12 13:26:22,698 - INFO - Client Ltd: Train Loss: 98.0092, Val Accuracy: 0.0183
2025-10-12 13:26:22,732 - INFO - Client PLC: Train Loss: 97.4589, Val Accuracy: 0.0238
2025-10-12 13:26:22,735 - INFO - Round 27 Metrics - Avg Train Loss: 97.6236, Avg Val Accuracy: 0.0220
2025-10-12 13:26:22,736 - INFO - Round 27: Aggregated updates from 6 clients
2025-10-12 13:26:22,736 - INFO - Starting communication round 28/30
2025-10-12 13:26:22,758 - INFO - Client and Sons: Train Loss: 97.6222, Val Accuracy: 0.0211
2025-10-12 13:26:22,785 - INFO - Client Group: Train Loss: 97.5818, Val Accuracy: 0.0227
2025-10-12 13:26:22,807 - INFO - Client Inc: Train Loss: 97.5694, Val Accuracy: 0.0208
2025-10-12 13:26:22,835 - INFO - Client LLC: Train Loss: 97.5000, Val Accuracy: 0.0250
2025-10-12 13:26:22,864 - INFO - Client Ltd: Train Loss: 98.0092, Val Accuracy: 0.0183
2025-10-12 13:26:22,886 - INFO - Client PLC: Train Loss: 97.4589, Val Accuracy: 0.0238
2025-10-12 13:26:22,889 - INFO - Round 28 Metrics - Avg Train Loss: 97.6236, Avg Val Accuracy: 0.0220
2025-10-12 13:26:22,889 - INFO - Round 28: Aggregated updates from 6 clients
2025-10-12 13:26:22,890 - INFO - Starting communication round 29/30
2025-10-12 13:26:22,922 - INFO - Client and Sons: Train Loss: 97.6222, Val Accuracy: 0.0211
2025-10-12 13:26:22,947 - INFO - Client Group: Train Loss: 97.5818, Val Accuracy: 0.0227
2025-10-12 13:26:22,973 - INFO - Client Inc: Train Loss: 97.5694, Val Accuracy: 0.0208
2025-10-12 13:26:23,001 - INFO - Client LLC: Train Loss: 97.5000, Val Accuracy: 0.0250
2025-10-12 13:26:23,028 - INFO - Client Ltd: Train Loss: 98.0092, Val Accuracy: 0.0183
2025-10-12 13:26:23,053 - INFO - Client PLC: Train Loss: 97.4589, Val Accuracy: 0.0238
2025-10-12 13:26:23,057 - INFO - Round 29 Metrics - Avg Train Loss: 97.6236, Avg Val Accuracy: 0.0220
2025-10-12 13:26:23,057 - INFO - Round 29: Aggregated updates from 6 clients
2025-10-12 13:26:23,057 - INFO - Starting communication round 30/30
2025-10-12 13:26:23,086 - INFO - Client and Sons: Train Loss: 97.6222, Val Accuracy: 0.0211
2025-10-12 13:26:23,111 - INFO - Client Group: Train Loss: 97.5818, Val Accuracy: 0.0227
2025-10-12 13:26:23,134 - INFO - Client Inc: Train Loss: 97.5694, Val Accuracy: 0.0208
2025-10-12 13:26:23,156 - INFO - Client LLC: Train Loss: 97.5000, Val Accuracy: 0.0250
2025-10-12 13:26:23,180 - INFO - Client Ltd: Train Loss: 98.0092, Val Accuracy: 0.0183
2025-10-12 13:26:23,203 - INFO - Client PLC: Train Loss: 97.4589, Val Accuracy: 0.0238
2025-10-12 13:26:23,206 - INFO - Round 30 Metrics - Avg Train Loss: 97.6236, Avg Val Accuracy: 0.0220
2025-10-12 13:26:23,206 - INFO - Round 30: Aggregated updates from 6 clients
2025-10-12 13:26:23,207 - INFO - Round 30: Current average accuracy: 0.0220
2025-10-12 13:26:23,207 - INFO - FedOpt training completed in 5.99 seconds
2025-10-12 13:26:23,209 - INFO - Results saved to ./
2025-10-12 13:26:23,210 - INFO - Final Results - Average Accuracy: 0.0220, Average Loss: 97.6236
2025-10-12 13:26:23,210 - INFO - Data Heterogeneity Analysis:
2025-10-12 13:26:23,210 - INFO -   - GPA variance across clients: 0.0019
2025-10-12 13:26:23,210 - INFO -   - Performance variance: 0.0000
2025-10-12 13:26:23,210 - INFO -   - Major diversity range: [8, 8]
2025-10-12 13:26:23,210 - INFO -   - Industry diversity range: [89, 90]
