2025-08-24 22:49:45,386 - INFO - Starting FedOpt experiment for Smart Internship System
2025-08-24 22:49:45,389 - INFO - FedOpt Server initialized with adam optimizer
2025-08-24 22:49:45,390 - INFO - Found client directories: ['../shared/test-data/processed\\university_client_and Sons', '../shared/test-data/processed\\university_client_Group', '../shared/test-data/processed\\university_client_Inc', '../shared/test-data/processed\\university_client_LLC', '../shared/test-data/processed\\university_client_Ltd', '../shared/test-data/processed\\university_client_PLC']
2025-08-24 22:49:45,416 - INFO - Client and Sons: Loaded 947 samples
2025-08-24 22:49:45,425 - INFO - Client and Sons: Train samples: 757, Val samples: 190
2025-08-24 22:49:45,426 - INFO - Successfully loaded client: and Sons
2025-08-24 22:49:45,443 - INFO - Client Group: Loaded 879 samples
2025-08-24 22:49:45,448 - INFO - Client Group: Train samples: 703, Val samples: 176
2025-08-24 22:49:45,448 - INFO - Successfully loaded client: Group
2025-08-24 22:49:45,464 - INFO - Client Inc: Loaded 720 samples
2025-08-24 22:49:45,467 - INFO - Client Inc: Train samples: 576, Val samples: 144
2025-08-24 22:49:45,468 - INFO - Successfully loaded client: Inc
2025-08-24 22:49:45,484 - INFO - Client LLC: Loaded 800 samples
2025-08-24 22:49:45,487 - INFO - Client LLC: Train samples: 640, Val samples: 160
2025-08-24 22:49:45,487 - INFO - Successfully loaded client: LLC
2025-08-24 22:49:45,506 - INFO - Client Ltd: Loaded 817 samples
2025-08-24 22:49:45,509 - INFO - Client Ltd: Train samples: 653, Val samples: 164
2025-08-24 22:49:45,509 - INFO - Successfully loaded client: Ltd
2025-08-24 22:49:45,524 - INFO - Client PLC: Loaded 837 samples
2025-08-24 22:49:45,528 - INFO - Client PLC: Train samples: 669, Val samples: 168
2025-08-24 22:49:45,528 - INFO - Successfully loaded client: PLC
2025-08-24 22:49:45,528 - INFO - Initialized 6 clients
2025-08-24 22:49:45,528 - INFO - Starting communication round 1/30
2025-08-24 22:49:50,637 - INFO - Client and Sons: Train Loss: 0.5473, Val Accuracy: 0.9789
2025-08-24 22:49:50,665 - INFO - Client Group: Train Loss: 0.5396, Val Accuracy: 0.9773
2025-08-24 22:49:50,689 - INFO - Client Inc: Train Loss: 0.5446, Val Accuracy: 0.9792
2025-08-24 22:49:50,720 - INFO - Client LLC: Train Loss: 0.5392, Val Accuracy: 0.9750
2025-08-24 22:49:50,741 - INFO - Client Ltd: Train Loss: 0.5412, Val Accuracy: 0.9817
2025-08-24 22:49:50,766 - INFO - Client PLC: Train Loss: 0.5436, Val Accuracy: 0.9762
2025-08-24 22:49:50,774 - INFO - Round 1 Metrics - Avg Train Loss: 0.5426, Avg Val Accuracy: 0.9780
2025-08-24 22:49:50,774 - INFO - Round 1: Aggregated updates from 6 clients
2025-08-24 22:49:50,775 - INFO - Starting communication round 2/30
2025-08-24 22:49:50,799 - INFO - Client and Sons: Train Loss: 70.8590, Val Accuracy: 0.0211
2025-08-24 22:49:50,825 - INFO - Client Group: Train Loss: 71.5435, Val Accuracy: 0.0227
2025-08-24 22:49:50,848 - INFO - Client Inc: Train Loss: 70.3855, Val Accuracy: 0.0208
2025-08-24 22:49:50,876 - INFO - Client LLC: Train Loss: 70.1810, Val Accuracy: 0.0250
2025-08-24 22:49:50,904 - INFO - Client Ltd: Train Loss: 71.9894, Val Accuracy: 0.0183
2025-08-24 22:49:50,933 - INFO - Client PLC: Train Loss: 71.1785, Val Accuracy: 0.0238
2025-08-24 22:49:50,937 - INFO - Round 2 Metrics - Avg Train Loss: 71.0228, Avg Val Accuracy: 0.0220
2025-08-24 22:49:50,938 - INFO - Round 2: Aggregated updates from 6 clients
2025-08-24 22:49:50,938 - INFO - Starting communication round 3/30
2025-08-24 22:49:50,963 - INFO - Client and Sons: Train Loss: 96.0983, Val Accuracy: 0.0211
2025-08-24 22:49:50,990 - INFO - Client Group: Train Loss: 96.2070, Val Accuracy: 0.0227
2025-08-24 22:49:51,011 - INFO - Client Inc: Train Loss: 96.0998, Val Accuracy: 0.0208
2025-08-24 22:49:51,041 - INFO - Client LLC: Train Loss: 96.0462, Val Accuracy: 0.0250
2025-08-24 22:49:51,061 - INFO - Client Ltd: Train Loss: 96.6513, Val Accuracy: 0.0183
2025-08-24 22:49:51,091 - INFO - Client PLC: Train Loss: 96.0787, Val Accuracy: 0.0238
2025-08-24 22:49:51,094 - INFO - Round 3 Metrics - Avg Train Loss: 96.1969, Avg Val Accuracy: 0.0220
2025-08-24 22:49:51,095 - INFO - Round 3: Aggregated updates from 6 clients
2025-08-24 22:49:51,095 - INFO - Starting communication round 4/30
2025-08-24 22:49:51,125 - INFO - Client and Sons: Train Loss: 97.6222, Val Accuracy: 0.0211
2025-08-24 22:49:51,155 - INFO - Client Group: Train Loss: 97.5818, Val Accuracy: 0.0227
2025-08-24 22:49:51,179 - INFO - Client Inc: Train Loss: 97.5694, Val Accuracy: 0.0208
2025-08-24 22:49:51,202 - INFO - Client LLC: Train Loss: 97.5000, Val Accuracy: 0.0250
2025-08-24 22:49:51,231 - INFO - Client Ltd: Train Loss: 98.0092, Val Accuracy: 0.0183
2025-08-24 22:49:51,259 - INFO - Client PLC: Train Loss: 97.4333, Val Accuracy: 0.0238
2025-08-24 22:49:51,263 - INFO - Round 4 Metrics - Avg Train Loss: 97.6193, Avg Val Accuracy: 0.0220
2025-08-24 22:49:51,264 - INFO - Round 4: Aggregated updates from 6 clients
2025-08-24 22:49:51,264 - INFO - Starting communication round 5/30
2025-08-24 22:49:51,294 - INFO - Client and Sons: Train Loss: 97.6222, Val Accuracy: 0.0211
2025-08-24 22:49:51,319 - INFO - Client Group: Train Loss: 97.5818, Val Accuracy: 0.0227
2025-08-24 22:49:51,346 - INFO - Client Inc: Train Loss: 97.5694, Val Accuracy: 0.0208
2025-08-24 22:49:51,369 - INFO - Client LLC: Train Loss: 97.5000, Val Accuracy: 0.0250
2025-08-24 22:49:51,391 - INFO - Client Ltd: Train Loss: 98.0092, Val Accuracy: 0.0183
2025-08-24 22:49:51,414 - INFO - Client PLC: Train Loss: 97.4589, Val Accuracy: 0.0238
2025-08-24 22:49:51,417 - INFO - Round 5 Metrics - Avg Train Loss: 97.6236, Avg Val Accuracy: 0.0220
2025-08-24 22:49:51,418 - INFO - Round 5: Aggregated updates from 6 clients
2025-08-24 22:49:51,418 - INFO - Round 5: Current average accuracy: 0.0220
2025-08-24 22:49:51,418 - INFO - Starting communication round 6/30
2025-08-24 22:49:51,447 - INFO - Client and Sons: Train Loss: 97.6222, Val Accuracy: 0.0211
2025-08-24 22:49:51,474 - INFO - Client Group: Train Loss: 97.5818, Val Accuracy: 0.0227
2025-08-24 22:49:51,498 - INFO - Client Inc: Train Loss: 97.5694, Val Accuracy: 0.0208
2025-08-24 22:49:51,527 - INFO - Client LLC: Train Loss: 97.5000, Val Accuracy: 0.0250
2025-08-24 22:49:51,549 - INFO - Client Ltd: Train Loss: 98.0092, Val Accuracy: 0.0183
2025-08-24 22:49:51,572 - INFO - Client PLC: Train Loss: 97.4589, Val Accuracy: 0.0238
2025-08-24 22:49:51,576 - INFO - Round 6 Metrics - Avg Train Loss: 97.6236, Avg Val Accuracy: 0.0220
2025-08-24 22:49:51,576 - INFO - Round 6: Aggregated updates from 6 clients
2025-08-24 22:49:51,577 - INFO - Starting communication round 7/30
2025-08-24 22:49:51,604 - INFO - Client and Sons: Train Loss: 97.6222, Val Accuracy: 0.0211
2025-08-24 22:49:51,630 - INFO - Client Group: Train Loss: 97.5818, Val Accuracy: 0.0227
2025-08-24 22:49:51,656 - INFO - Client Inc: Train Loss: 97.5694, Val Accuracy: 0.0208
2025-08-24 22:49:51,684 - INFO - Client LLC: Train Loss: 97.5000, Val Accuracy: 0.0250
2025-08-24 22:49:51,704 - INFO - Client Ltd: Train Loss: 98.0092, Val Accuracy: 0.0183
2025-08-24 22:49:51,726 - INFO - Client PLC: Train Loss: 97.4589, Val Accuracy: 0.0238
2025-08-24 22:49:51,730 - INFO - Round 7 Metrics - Avg Train Loss: 97.6236, Avg Val Accuracy: 0.0220
2025-08-24 22:49:51,730 - INFO - Round 7: Aggregated updates from 6 clients
2025-08-24 22:49:51,730 - INFO - Starting communication round 8/30
2025-08-24 22:49:51,763 - INFO - Client and Sons: Train Loss: 97.6222, Val Accuracy: 0.0211
2025-08-24 22:49:51,792 - INFO - Client Group: Train Loss: 97.5818, Val Accuracy: 0.0227
2025-08-24 22:49:51,814 - INFO - Client Inc: Train Loss: 97.5694, Val Accuracy: 0.0208
2025-08-24 22:49:51,837 - INFO - Client LLC: Train Loss: 97.5000, Val Accuracy: 0.0250
2025-08-24 22:49:51,864 - INFO - Client Ltd: Train Loss: 98.0092, Val Accuracy: 0.0183
2025-08-24 22:49:51,892 - INFO - Client PLC: Train Loss: 97.4589, Val Accuracy: 0.0238
2025-08-24 22:49:51,896 - INFO - Round 8 Metrics - Avg Train Loss: 97.6236, Avg Val Accuracy: 0.0220
2025-08-24 22:49:51,896 - INFO - Round 8: Aggregated updates from 6 clients
2025-08-24 22:49:51,896 - INFO - Starting communication round 9/30
2025-08-24 22:49:51,925 - INFO - Client and Sons: Train Loss: 97.6222, Val Accuracy: 0.0211
2025-08-24 22:49:51,950 - INFO - Client Group: Train Loss: 97.5818, Val Accuracy: 0.0227
2025-08-24 22:49:51,970 - INFO - Client Inc: Train Loss: 97.5694, Val Accuracy: 0.0208
2025-08-24 22:49:51,994 - INFO - Client LLC: Train Loss: 97.5000, Val Accuracy: 0.0250
2025-08-24 22:49:52,019 - INFO - Client Ltd: Train Loss: 98.0092, Val Accuracy: 0.0183
2025-08-24 22:49:52,047 - INFO - Client PLC: Train Loss: 97.4589, Val Accuracy: 0.0238
2025-08-24 22:49:52,051 - INFO - Round 9 Metrics - Avg Train Loss: 97.6236, Avg Val Accuracy: 0.0220
2025-08-24 22:49:52,052 - INFO - Round 9: Aggregated updates from 6 clients
2025-08-24 22:49:52,052 - INFO - Starting communication round 10/30
2025-08-24 22:49:52,078 - INFO - Client and Sons: Train Loss: 97.6222, Val Accuracy: 0.0211
2025-08-24 22:49:52,105 - INFO - Client Group: Train Loss: 97.5818, Val Accuracy: 0.0227
2025-08-24 22:49:52,133 - INFO - Client Inc: Train Loss: 97.5694, Val Accuracy: 0.0208
2025-08-24 22:49:52,160 - INFO - Client LLC: Train Loss: 97.5000, Val Accuracy: 0.0250
2025-08-24 22:49:52,181 - INFO - Client Ltd: Train Loss: 98.0092, Val Accuracy: 0.0183
2025-08-24 22:49:52,208 - INFO - Client PLC: Train Loss: 97.4589, Val Accuracy: 0.0238
2025-08-24 22:49:52,211 - INFO - Round 10 Metrics - Avg Train Loss: 97.6236, Avg Val Accuracy: 0.0220
2025-08-24 22:49:52,211 - INFO - Round 10: Aggregated updates from 6 clients
2025-08-24 22:49:52,211 - INFO - Round 10: Current average accuracy: 0.0220
2025-08-24 22:49:52,212 - INFO - Starting communication round 11/30
2025-08-24 22:49:52,235 - INFO - Client and Sons: Train Loss: 97.6222, Val Accuracy: 0.0211
2025-08-24 22:49:52,262 - INFO - Client Group: Train Loss: 97.5818, Val Accuracy: 0.0227
2025-08-24 22:49:52,282 - INFO - Client Inc: Train Loss: 97.5694, Val Accuracy: 0.0208
2025-08-24 22:49:52,308 - INFO - Client LLC: Train Loss: 97.5000, Val Accuracy: 0.0250
2025-08-24 22:49:52,338 - INFO - Client Ltd: Train Loss: 98.0092, Val Accuracy: 0.0183
2025-08-24 22:49:52,369 - INFO - Client PLC: Train Loss: 97.4589, Val Accuracy: 0.0238
2025-08-24 22:49:52,373 - INFO - Round 11 Metrics - Avg Train Loss: 97.6236, Avg Val Accuracy: 0.0220
2025-08-24 22:49:52,373 - INFO - Round 11: Aggregated updates from 6 clients
2025-08-24 22:49:52,374 - INFO - Starting communication round 12/30
2025-08-24 22:49:52,401 - INFO - Client and Sons: Train Loss: 97.6222, Val Accuracy: 0.0211
2025-08-24 22:49:52,428 - INFO - Client Group: Train Loss: 97.5818, Val Accuracy: 0.0227
2025-08-24 22:49:52,454 - INFO - Client Inc: Train Loss: 97.5694, Val Accuracy: 0.0208
2025-08-24 22:49:52,478 - INFO - Client LLC: Train Loss: 97.5000, Val Accuracy: 0.0250
2025-08-24 22:49:52,509 - INFO - Client Ltd: Train Loss: 98.0092, Val Accuracy: 0.0183
2025-08-24 22:49:52,537 - INFO - Client PLC: Train Loss: 97.4589, Val Accuracy: 0.0238
2025-08-24 22:49:52,540 - INFO - Round 12 Metrics - Avg Train Loss: 97.6236, Avg Val Accuracy: 0.0220
2025-08-24 22:49:52,541 - INFO - Round 12: Aggregated updates from 6 clients
2025-08-24 22:49:52,541 - INFO - Starting communication round 13/30
2025-08-24 22:49:52,567 - INFO - Client and Sons: Train Loss: 97.6222, Val Accuracy: 0.0211
2025-08-24 22:49:52,597 - INFO - Client Group: Train Loss: 97.5818, Val Accuracy: 0.0227
2025-08-24 22:49:52,625 - INFO - Client Inc: Train Loss: 97.5694, Val Accuracy: 0.0208
2025-08-24 22:49:52,649 - INFO - Client LLC: Train Loss: 97.5000, Val Accuracy: 0.0250
2025-08-24 22:49:52,676 - INFO - Client Ltd: Train Loss: 98.0092, Val Accuracy: 0.0183
2025-08-24 22:49:52,697 - INFO - Client PLC: Train Loss: 97.4589, Val Accuracy: 0.0238
2025-08-24 22:49:52,700 - INFO - Round 13 Metrics - Avg Train Loss: 97.6236, Avg Val Accuracy: 0.0220
2025-08-24 22:49:52,700 - INFO - Round 13: Aggregated updates from 6 clients
2025-08-24 22:49:52,701 - INFO - Starting communication round 14/30
2025-08-24 22:49:52,757 - INFO - Client and Sons: Train Loss: 97.6222, Val Accuracy: 0.0211
2025-08-24 22:49:52,782 - INFO - Client Group: Train Loss: 97.5818, Val Accuracy: 0.0227
2025-08-24 22:49:52,809 - INFO - Client Inc: Train Loss: 97.5694, Val Accuracy: 0.0208
2025-08-24 22:49:52,834 - INFO - Client LLC: Train Loss: 97.5000, Val Accuracy: 0.0250
2025-08-24 22:49:52,863 - INFO - Client Ltd: Train Loss: 98.0092, Val Accuracy: 0.0183
2025-08-24 22:49:52,889 - INFO - Client PLC: Train Loss: 97.4589, Val Accuracy: 0.0238
2025-08-24 22:49:52,893 - INFO - Round 14 Metrics - Avg Train Loss: 97.6236, Avg Val Accuracy: 0.0220
2025-08-24 22:49:52,893 - INFO - Round 14: Aggregated updates from 6 clients
2025-08-24 22:49:52,893 - INFO - Starting communication round 15/30
2025-08-24 22:49:52,915 - INFO - Client and Sons: Train Loss: 97.6222, Val Accuracy: 0.0211
2025-08-24 22:49:52,940 - INFO - Client Group: Train Loss: 97.5818, Val Accuracy: 0.0227
2025-08-24 22:49:52,966 - INFO - Client Inc: Train Loss: 97.5694, Val Accuracy: 0.0208
2025-08-24 22:49:52,991 - INFO - Client LLC: Train Loss: 97.5000, Val Accuracy: 0.0250
2025-08-24 22:49:53,017 - INFO - Client Ltd: Train Loss: 98.0092, Val Accuracy: 0.0183
2025-08-24 22:49:53,039 - INFO - Client PLC: Train Loss: 97.4589, Val Accuracy: 0.0238
2025-08-24 22:49:53,044 - INFO - Round 15 Metrics - Avg Train Loss: 97.6236, Avg Val Accuracy: 0.0220
2025-08-24 22:49:53,044 - INFO - Round 15: Aggregated updates from 6 clients
2025-08-24 22:49:53,044 - INFO - Round 15: Current average accuracy: 0.0220
2025-08-24 22:49:53,045 - INFO - Starting communication round 16/30
2025-08-24 22:49:53,070 - INFO - Client and Sons: Train Loss: 97.6222, Val Accuracy: 0.0211
2025-08-24 22:49:53,101 - INFO - Client Group: Train Loss: 97.5818, Val Accuracy: 0.0227
2025-08-24 22:49:53,125 - INFO - Client Inc: Train Loss: 97.5694, Val Accuracy: 0.0208
2025-08-24 22:49:53,152 - INFO - Client LLC: Train Loss: 97.5000, Val Accuracy: 0.0250
2025-08-24 22:49:53,176 - INFO - Client Ltd: Train Loss: 98.0092, Val Accuracy: 0.0183
2025-08-24 22:49:53,199 - INFO - Client PLC: Train Loss: 97.4589, Val Accuracy: 0.0238
2025-08-24 22:49:53,202 - INFO - Round 16 Metrics - Avg Train Loss: 97.6236, Avg Val Accuracy: 0.0220
2025-08-24 22:49:53,203 - INFO - Round 16: Aggregated updates from 6 clients
2025-08-24 22:49:53,203 - INFO - Starting communication round 17/30
2025-08-24 22:49:53,227 - INFO - Client and Sons: Train Loss: 97.6222, Val Accuracy: 0.0211
2025-08-24 22:49:53,254 - INFO - Client Group: Train Loss: 97.5818, Val Accuracy: 0.0227
2025-08-24 22:49:53,273 - INFO - Client Inc: Train Loss: 97.5694, Val Accuracy: 0.0208
2025-08-24 22:49:53,304 - INFO - Client LLC: Train Loss: 97.5000, Val Accuracy: 0.0250
2025-08-24 22:49:53,331 - INFO - Client Ltd: Train Loss: 98.0092, Val Accuracy: 0.0183
2025-08-24 22:49:53,359 - INFO - Client PLC: Train Loss: 97.4589, Val Accuracy: 0.0238
2025-08-24 22:49:53,363 - INFO - Round 17 Metrics - Avg Train Loss: 97.6236, Avg Val Accuracy: 0.0220
2025-08-24 22:49:53,363 - INFO - Round 17: Aggregated updates from 6 clients
2025-08-24 22:49:53,363 - INFO - Starting communication round 18/30
2025-08-24 22:49:53,389 - INFO - Client and Sons: Train Loss: 97.6222, Val Accuracy: 0.0211
2025-08-24 22:49:53,414 - INFO - Client Group: Train Loss: 97.5818, Val Accuracy: 0.0227
2025-08-24 22:49:53,443 - INFO - Client Inc: Train Loss: 97.5694, Val Accuracy: 0.0208
2025-08-24 22:49:53,466 - INFO - Client LLC: Train Loss: 97.5000, Val Accuracy: 0.0250
2025-08-24 22:49:53,495 - INFO - Client Ltd: Train Loss: 98.0092, Val Accuracy: 0.0183
2025-08-24 22:49:53,519 - INFO - Client PLC: Train Loss: 97.4589, Val Accuracy: 0.0238
2025-08-24 22:49:53,522 - INFO - Round 18 Metrics - Avg Train Loss: 97.6236, Avg Val Accuracy: 0.0220
2025-08-24 22:49:53,522 - INFO - Round 18: Aggregated updates from 6 clients
2025-08-24 22:49:53,522 - INFO - Starting communication round 19/30
2025-08-24 22:49:53,546 - INFO - Client and Sons: Train Loss: 97.6222, Val Accuracy: 0.0211
2025-08-24 22:49:53,572 - INFO - Client Group: Train Loss: 97.5818, Val Accuracy: 0.0227
2025-08-24 22:49:53,593 - INFO - Client Inc: Train Loss: 97.5694, Val Accuracy: 0.0208
2025-08-24 22:49:53,622 - INFO - Client LLC: Train Loss: 97.5000, Val Accuracy: 0.0250
2025-08-24 22:49:53,648 - INFO - Client Ltd: Train Loss: 98.0092, Val Accuracy: 0.0183
2025-08-24 22:49:53,671 - INFO - Client PLC: Train Loss: 97.4589, Val Accuracy: 0.0238
2025-08-24 22:49:53,675 - INFO - Round 19 Metrics - Avg Train Loss: 97.6236, Avg Val Accuracy: 0.0220
2025-08-24 22:49:53,675 - INFO - Round 19: Aggregated updates from 6 clients
2025-08-24 22:49:53,675 - INFO - Starting communication round 20/30
2025-08-24 22:49:53,698 - INFO - Client and Sons: Train Loss: 97.6222, Val Accuracy: 0.0211
2025-08-24 22:49:53,720 - INFO - Client Group: Train Loss: 97.5818, Val Accuracy: 0.0227
2025-08-24 22:49:53,743 - INFO - Client Inc: Train Loss: 97.5694, Val Accuracy: 0.0208
2025-08-24 22:49:53,769 - INFO - Client LLC: Train Loss: 97.5000, Val Accuracy: 0.0250
2025-08-24 22:49:53,793 - INFO - Client Ltd: Train Loss: 98.0092, Val Accuracy: 0.0183
2025-08-24 22:49:53,821 - INFO - Client PLC: Train Loss: 97.4589, Val Accuracy: 0.0238
2025-08-24 22:49:53,825 - INFO - Round 20 Metrics - Avg Train Loss: 97.6236, Avg Val Accuracy: 0.0220
2025-08-24 22:49:53,825 - INFO - Round 20: Aggregated updates from 6 clients
2025-08-24 22:49:53,825 - INFO - Round 20: Current average accuracy: 0.0220
2025-08-24 22:49:53,825 - INFO - Starting communication round 21/30
2025-08-24 22:49:53,851 - INFO - Client and Sons: Train Loss: 97.6222, Val Accuracy: 0.0211
2025-08-24 22:49:53,876 - INFO - Client Group: Train Loss: 97.5818, Val Accuracy: 0.0227
2025-08-24 22:49:53,901 - INFO - Client Inc: Train Loss: 97.5694, Val Accuracy: 0.0208
2025-08-24 22:49:53,923 - INFO - Client LLC: Train Loss: 97.5000, Val Accuracy: 0.0250
2025-08-24 22:49:53,945 - INFO - Client Ltd: Train Loss: 98.0092, Val Accuracy: 0.0183
2025-08-24 22:49:53,973 - INFO - Client PLC: Train Loss: 97.4589, Val Accuracy: 0.0238
2025-08-24 22:49:53,977 - INFO - Round 21 Metrics - Avg Train Loss: 97.6236, Avg Val Accuracy: 0.0220
2025-08-24 22:49:53,977 - INFO - Round 21: Aggregated updates from 6 clients
2025-08-24 22:49:53,977 - INFO - Starting communication round 22/30
2025-08-24 22:49:54,001 - INFO - Client and Sons: Train Loss: 97.6222, Val Accuracy: 0.0211
2025-08-24 22:49:54,024 - INFO - Client Group: Train Loss: 97.5818, Val Accuracy: 0.0227
2025-08-24 22:49:54,047 - INFO - Client Inc: Train Loss: 97.5694, Val Accuracy: 0.0208
2025-08-24 22:49:54,070 - INFO - Client LLC: Train Loss: 97.5000, Val Accuracy: 0.0250
2025-08-24 22:49:54,098 - INFO - Client Ltd: Train Loss: 98.0092, Val Accuracy: 0.0183
2025-08-24 22:49:54,123 - INFO - Client PLC: Train Loss: 97.4589, Val Accuracy: 0.0238
2025-08-24 22:49:54,127 - INFO - Round 22 Metrics - Avg Train Loss: 97.6236, Avg Val Accuracy: 0.0220
2025-08-24 22:49:54,127 - INFO - Round 22: Aggregated updates from 6 clients
2025-08-24 22:49:54,127 - INFO - Starting communication round 23/30
2025-08-24 22:49:54,155 - INFO - Client and Sons: Train Loss: 97.6222, Val Accuracy: 0.0211
2025-08-24 22:49:54,177 - INFO - Client Group: Train Loss: 97.5818, Val Accuracy: 0.0227
2025-08-24 22:49:54,203 - INFO - Client Inc: Train Loss: 97.5694, Val Accuracy: 0.0208
2025-08-24 22:49:54,226 - INFO - Client LLC: Train Loss: 97.5000, Val Accuracy: 0.0250
2025-08-24 22:49:54,255 - INFO - Client Ltd: Train Loss: 98.0092, Val Accuracy: 0.0183
2025-08-24 22:49:54,279 - INFO - Client PLC: Train Loss: 97.4589, Val Accuracy: 0.0238
2025-08-24 22:49:54,283 - INFO - Round 23 Metrics - Avg Train Loss: 97.6236, Avg Val Accuracy: 0.0220
2025-08-24 22:49:54,283 - INFO - Round 23: Aggregated updates from 6 clients
2025-08-24 22:49:54,283 - INFO - Starting communication round 24/30
2025-08-24 22:49:54,310 - INFO - Client and Sons: Train Loss: 97.6222, Val Accuracy: 0.0211
2025-08-24 22:49:54,334 - INFO - Client Group: Train Loss: 97.5818, Val Accuracy: 0.0227
2025-08-24 22:49:54,362 - INFO - Client Inc: Train Loss: 97.5694, Val Accuracy: 0.0208
2025-08-24 22:49:54,386 - INFO - Client LLC: Train Loss: 97.5000, Val Accuracy: 0.0250
2025-08-24 22:49:54,416 - INFO - Client Ltd: Train Loss: 98.0092, Val Accuracy: 0.0183
2025-08-24 22:49:54,440 - INFO - Client PLC: Train Loss: 97.4589, Val Accuracy: 0.0238
2025-08-24 22:49:54,444 - INFO - Round 24 Metrics - Avg Train Loss: 97.6236, Avg Val Accuracy: 0.0220
2025-08-24 22:49:54,444 - INFO - Round 24: Aggregated updates from 6 clients
2025-08-24 22:49:54,445 - INFO - Starting communication round 25/30
2025-08-24 22:49:54,471 - INFO - Client and Sons: Train Loss: 97.6222, Val Accuracy: 0.0211
2025-08-24 22:49:54,500 - INFO - Client Group: Train Loss: 97.5818, Val Accuracy: 0.0227
2025-08-24 22:49:54,521 - INFO - Client Inc: Train Loss: 97.5694, Val Accuracy: 0.0208
2025-08-24 22:49:54,550 - INFO - Client LLC: Train Loss: 97.5000, Val Accuracy: 0.0250
2025-08-24 22:49:54,573 - INFO - Client Ltd: Train Loss: 98.0092, Val Accuracy: 0.0183
2025-08-24 22:49:54,596 - INFO - Client PLC: Train Loss: 97.4589, Val Accuracy: 0.0238
2025-08-24 22:49:54,600 - INFO - Round 25 Metrics - Avg Train Loss: 97.6236, Avg Val Accuracy: 0.0220
2025-08-24 22:49:54,600 - INFO - Round 25: Aggregated updates from 6 clients
2025-08-24 22:49:54,601 - INFO - Round 25: Current average accuracy: 0.0220
2025-08-24 22:49:54,601 - INFO - Starting communication round 26/30
2025-08-24 22:49:54,622 - INFO - Client and Sons: Train Loss: 97.6222, Val Accuracy: 0.0211
2025-08-24 22:49:54,645 - INFO - Client Group: Train Loss: 97.5818, Val Accuracy: 0.0227
2025-08-24 22:49:54,666 - INFO - Client Inc: Train Loss: 97.5694, Val Accuracy: 0.0208
2025-08-24 22:49:54,688 - INFO - Client LLC: Train Loss: 97.5000, Val Accuracy: 0.0250
2025-08-24 22:49:54,712 - INFO - Client Ltd: Train Loss: 98.0092, Val Accuracy: 0.0183
2025-08-24 22:49:54,739 - INFO - Client PLC: Train Loss: 97.4589, Val Accuracy: 0.0238
2025-08-24 22:49:54,743 - INFO - Round 26 Metrics - Avg Train Loss: 97.6236, Avg Val Accuracy: 0.0220
2025-08-24 22:49:54,744 - INFO - Round 26: Aggregated updates from 6 clients
2025-08-24 22:49:54,744 - INFO - Starting communication round 27/30
2025-08-24 22:49:54,771 - INFO - Client and Sons: Train Loss: 97.6222, Val Accuracy: 0.0211
2025-08-24 22:49:54,798 - INFO - Client Group: Train Loss: 97.5818, Val Accuracy: 0.0227
2025-08-24 22:49:54,819 - INFO - Client Inc: Train Loss: 97.5694, Val Accuracy: 0.0208
2025-08-24 22:49:54,848 - INFO - Client LLC: Train Loss: 97.5000, Val Accuracy: 0.0250
2025-08-24 22:49:54,876 - INFO - Client Ltd: Train Loss: 98.0092, Val Accuracy: 0.0183
2025-08-24 22:49:54,899 - INFO - Client PLC: Train Loss: 97.4589, Val Accuracy: 0.0238
2025-08-24 22:49:54,903 - INFO - Round 27 Metrics - Avg Train Loss: 97.6236, Avg Val Accuracy: 0.0220
2025-08-24 22:49:54,903 - INFO - Round 27: Aggregated updates from 6 clients
2025-08-24 22:49:54,903 - INFO - Starting communication round 28/30
2025-08-24 22:49:54,929 - INFO - Client and Sons: Train Loss: 97.6222, Val Accuracy: 0.0211
2025-08-24 22:49:54,959 - INFO - Client Group: Train Loss: 97.5818, Val Accuracy: 0.0227
2025-08-24 22:49:54,981 - INFO - Client Inc: Train Loss: 97.5694, Val Accuracy: 0.0208
2025-08-24 22:49:55,006 - INFO - Client LLC: Train Loss: 97.5000, Val Accuracy: 0.0250
2025-08-24 22:49:55,031 - INFO - Client Ltd: Train Loss: 98.0092, Val Accuracy: 0.0183
2025-08-24 22:49:55,055 - INFO - Client PLC: Train Loss: 97.4589, Val Accuracy: 0.0238
2025-08-24 22:49:55,060 - INFO - Round 28 Metrics - Avg Train Loss: 97.6236, Avg Val Accuracy: 0.0220
2025-08-24 22:49:55,060 - INFO - Round 28: Aggregated updates from 6 clients
2025-08-24 22:49:55,060 - INFO - Starting communication round 29/30
2025-08-24 22:49:55,087 - INFO - Client and Sons: Train Loss: 97.6222, Val Accuracy: 0.0211
2025-08-24 22:49:55,114 - INFO - Client Group: Train Loss: 97.5818, Val Accuracy: 0.0227
2025-08-24 22:49:55,140 - INFO - Client Inc: Train Loss: 97.5694, Val Accuracy: 0.0208
2025-08-24 22:49:55,169 - INFO - Client LLC: Train Loss: 97.5000, Val Accuracy: 0.0250
2025-08-24 22:49:55,196 - INFO - Client Ltd: Train Loss: 98.0092, Val Accuracy: 0.0183
2025-08-24 22:49:55,224 - INFO - Client PLC: Train Loss: 97.4589, Val Accuracy: 0.0238
2025-08-24 22:49:55,228 - INFO - Round 29 Metrics - Avg Train Loss: 97.6236, Avg Val Accuracy: 0.0220
2025-08-24 22:49:55,228 - INFO - Round 29: Aggregated updates from 6 clients
2025-08-24 22:49:55,228 - INFO - Starting communication round 30/30
2025-08-24 22:49:55,260 - INFO - Client and Sons: Train Loss: 97.6222, Val Accuracy: 0.0211
2025-08-24 22:49:55,287 - INFO - Client Group: Train Loss: 97.5818, Val Accuracy: 0.0227
2025-08-24 22:49:55,314 - INFO - Client Inc: Train Loss: 97.5694, Val Accuracy: 0.0208
2025-08-24 22:49:55,338 - INFO - Client LLC: Train Loss: 97.5000, Val Accuracy: 0.0250
2025-08-24 22:49:55,364 - INFO - Client Ltd: Train Loss: 98.0092, Val Accuracy: 0.0183
2025-08-24 22:49:55,391 - INFO - Client PLC: Train Loss: 97.4589, Val Accuracy: 0.0238
2025-08-24 22:49:55,395 - INFO - Round 30 Metrics - Avg Train Loss: 97.6236, Avg Val Accuracy: 0.0220
2025-08-24 22:49:55,395 - INFO - Round 30: Aggregated updates from 6 clients
2025-08-24 22:49:55,396 - INFO - Round 30: Current average accuracy: 0.0220
2025-08-24 22:49:55,396 - INFO - FedOpt training completed in 9.87 seconds
2025-08-24 22:49:55,398 - INFO - Results saved to ./
2025-08-24 22:49:55,399 - INFO - Final Results - Average Accuracy: 0.0220, Average Loss: 97.6236
2025-08-24 22:49:55,399 - INFO - Data Heterogeneity Analysis:
2025-08-24 22:49:55,399 - INFO -   - GPA variance across clients: 0.0019
2025-08-24 22:49:55,399 - INFO -   - Performance variance: 0.0000
2025-08-24 22:49:55,399 - INFO -   - Major diversity range: [8, 8]
2025-08-24 22:49:55,399 - INFO -   - Industry diversity range: [89, 90]
